# JRE version: OpenJDK Runtime Environment (11.0.13) (build 11.0.13+0-b1751.21-8125866)
# Java VM: OpenJDK 64-Bit Server VM (11.0.13+0-b1751.21-8125866, mixed mode, tiered, compressed oops, g1 gc, windows-amd64)
Heap:
 garbage-first heap   total 262144K, used 194463K [0x0000000080000000, 0x0000000100000000)
  region size 1024K, 100 young (102400K), 5 survivors (5120K)
 Metaspace       used 99312K, capacity 101620K, committed 101872K, reserved 1138688K
  class space    used 12511K, capacity 13401K, committed 13464K, reserved 1048576K
GC Heap History (20 events):
Event: 5.086 GC heap before
{Heap before GC invocations=3 (full 0):
 garbage-first heap   total 262144K, used 59238K [0x0000000080000000, 0x0000000100000000)
  region size 1024K, 52 young (53248K), 11 survivors (11264K)
 Metaspace       used 24946K, capacity 25502K, committed 25596K, reserved 1071104K
  class space    used 3190K, capacity 3383K, committed 3404K, reserved 1048576K
}
Event: 5.101 GC heap after
{Heap after GC invocations=4 (full 0):
 garbage-first heap   total 262144K, used 19483K [0x0000000080000000, 0x0000000100000000)
  region size 1024K, 3 young (3072K), 3 survivors (3072K)
 Metaspace       used 24946K, capacity 25502K, committed 25596K, reserved 1071104K
  class space    used 3190K, capacity 3383K, committed 3404K, reserved 1048576K
}
Event: 6.669 GC heap before
{Heap before GC invocations=4 (full 0):
 garbage-first heap   total 262144K, used 94235K [0x0000000080000000, 0x0000000100000000)
  region size 1024K, 77 young (78848K), 3 survivors (3072K)
 Metaspace       used 35162K, capacity 35937K, committed 35964K, reserved 1081344K
  class space    used 4513K, capacity 4806K, committed 4812K, reserved 1048576K
}
Event: 6.683 GC heap after
{Heap after GC invocations=5 (full 0):
 garbage-first heap   total 262144K, used 23061K [0x0000000080000000, 0x0000000100000000)
  region size 1024K, 6 young (6144K), 6 survivors (6144K)
 Metaspace       used 35162K, capacity 35937K, committed 35964K, reserved 1081344K
  class space    used 4513K, capacity 4806K, committed 4812K, reserved 1048576K
}
Event: 8.644 GC heap before
{Heap before GC invocations=6 (full 0):
 garbage-first heap   total 262144K, used 149013K [0x0000000080000000, 0x0000000100000000)
  region size 1024K, 126 young (129024K), 6 survivors (6144K)
 Metaspace       used 45415K, capacity 46449K, committed 46588K, reserved 1089536K
  class space    used 5755K, capacity 6141K, committed 6220K, reserved 1048576K
}
Event: 8.658 GC heap after
{Heap after GC invocations=7 (full 0):
 garbage-first heap   total 262144K, used 30075K [0x0000000080000000, 0x0000000100000000)
  region size 1024K, 13 young (13312K), 13 survivors (13312K)
 Metaspace       used 45415K, capacity 46449K, committed 46588K, reserved 1089536K
  class space    used 5755K, capacity 6141K, committed 6220K, reserved 1048576K
}
Event: 11.562 GC heap before
{Heap before GC invocations=7 (full 0):
 garbage-first heap   total 262144K, used 174459K [0x0000000080000000, 0x0000000100000000)
  region size 1024K, 150 young (153600K), 13 survivors (13312K)
 Metaspace       used 56763K, capacity 58155K, committed 58364K, reserved 1099776K
  class space    used 7124K, capacity 7660K, committed 7756K, reserved 1048576K
}
Event: 11.580 GC heap after
{Heap after GC invocations=8 (full 0):
 garbage-first heap   total 262144K, used 44093K [0x0000000080000000, 0x0000000100000000)
  region size 1024K, 17 young (17408K), 17 survivors (17408K)
 Metaspace       used 56763K, capacity 58155K, committed 58364K, reserved 1099776K
  class space    used 7124K, capacity 7660K, committed 7756K, reserved 1048576K
}
Event: 11.906 GC heap before
{Heap before GC invocations=8 (full 0):
 garbage-first heap   total 262144K, used 60477K [0x0000000080000000, 0x0000000100000000)
  region size 1024K, 34 young (34816K), 17 survivors (17408K)
 Metaspace       used 59076K, capacity 60461K, committed 60580K, reserved 1101824K
  class space    used 7464K, capacity 7982K, committed 8012K, reserved 1048576K
}
Event: 11.922 GC heap after
{Heap after GC invocations=9 (full 0):
 garbage-first heap   total 262144K, used 44685K [0x0000000080000000, 0x0000000100000000)
  region size 1024K, 11 young (11264K), 11 survivors (11264K)
 Metaspace       used 59076K, capacity 60461K, committed 60580K, reserved 1101824K
  class space    used 7464K, capacity 7982K, committed 8012K, reserved 1048576K
}
Event: 13.825 GC heap before
{Heap before GC invocations=10 (full 0):
 garbage-first heap   total 262144K, used 185997K [0x0000000080000000, 0x0000000100000000)
  region size 1024K, 142 young (145408K), 11 survivors (11264K)
 Metaspace       used 66933K, capacity 68514K, committed 68592K, reserved 1110016K
  class space    used 8466K, capacity 9069K, committed 9112K, reserved 1048576K
}
Event: 13.867 GC heap after
{Heap after GC invocations=11 (full 0):
 garbage-first heap   total 262144K, used 55793K [0x0000000080000000, 0x0000000100000000)
  region size 1024K, 13 young (13312K), 13 survivors (13312K)
 Metaspace       used 66933K, capacity 68514K, committed 68592K, reserved 1110016K
  class space    used 8466K, capacity 9069K, committed 9112K, reserved 1048576K
}
Event: 16.249 GC heap before
{Heap before GC invocations=12 (full 0):
 garbage-first heap   total 262144K, used 185841K [0x0000000080000000, 0x0000000100000000)
  region size 1024K, 140 young (143360K), 13 survivors (13312K)
 Metaspace       used 80159K, capacity 82042K, committed 82160K, reserved 1120256K
  class space    used 10457K, capacity 11148K, committed 11160K, reserved 1048576K
}
Event: 16.274 GC heap after
{Heap after GC invocations=13 (full 0):
 garbage-first heap   total 262144K, used 63715K [0x0000000080000000, 0x0000000100000000)
  region size 1024K, 9 young (9216K), 9 survivors (9216K)
 Metaspace       used 80159K, capacity 82042K, committed 82160K, reserved 1120256K
  class space    used 10457K, capacity 11148K, committed 11160K, reserved 1048576K
}
Event: 18.265 GC heap before
{Heap before GC invocations=13 (full 0):
 garbage-first heap   total 262144K, used 201955K [0x0000000080000000, 0x0000000100000000)
  region size 1024K, 135 young (138240K), 9 survivors (9216K)
 Metaspace       used 85205K, capacity 87471K, committed 87664K, reserved 1124352K
  class space    used 11076K, capacity 11959K, committed 12056K, reserved 1048576K
}
Event: 18.294 GC heap after
{Heap after GC invocations=14 (full 0):
 garbage-first heap   total 262144K, used 87520K [0x0000000080000000, 0x0000000100000000)
  region size 1024K, 17 young (17408K), 17 survivors (17408K)
 Metaspace       used 85205K, capacity 87471K, committed 87664K, reserved 1124352K
  class space    used 11076K, capacity 11959K, committed 12056K, reserved 1048576K
}
Event: 19.660 GC heap before
{Heap before GC invocations=14 (full 0):
 garbage-first heap   total 262144K, used 206304K [0x0000000080000000, 0x0000000100000000)
  region size 1024K, 119 young (121856K), 17 survivors (17408K)
 Metaspace       used 91126K, capacity 93454K, committed 93680K, reserved 1130496K
  class space    used 11676K, capacity 12551K, committed 12696K, reserved 1048576K
}
Event: 19.694 GC heap after
{Heap after GC invocations=15 (full 0):
 garbage-first heap   total 262144K, used 97280K [0x0000000080000000, 0x0000000100000000)
  region size 1024K, 9 young (9216K), 9 survivors (9216K)
 Metaspace       used 91126K, capacity 93454K, committed 93680K, reserved 1130496K
  class space    used 11676K, capacity 12551K, committed 12696K, reserved 1048576K
}
Event: 20.622 GC heap before
{Heap before GC invocations=15 (full 0):
 garbage-first heap   total 262144K, used 197632K [0x0000000080000000, 0x0000000100000000)
  region size 1024K, 108 young (110592K), 9 survivors (9216K)
 Metaspace       used 93901K, capacity 96269K, committed 96368K, reserved 1132544K
  class space    used 11871K, capacity 12748K, committed 12824K, reserved 1048576K
}
Event: 20.634 GC heap after
{Heap after GC invocations=16 (full 0):
 garbage-first heap   total 262144K, used 99231K [0x0000000080000000, 0x0000000100000000)
  region size 1024K, 5 young (5120K), 5 survivors (5120K)
 Metaspace       used 93901K, capacity 96269K, committed 96368K, reserved 1132544K
  class space    used 11871K, capacity 12748K, committed 12824K, reserved 1048576K
}

